<?xml version="1.0" encoding="UTF-8"?>
<testsuite xmlns:xsi="http://www.w3.org/2001/XMLSchema-instance" xsi:noNamespaceSchemaLocation="https://maven.apache.org/surefire/maven-surefire-plugin/xsd/surefire-test-report-3.0.xsd" version="3.0" name="com.example.userapp.test.UsuarioTest" time="1.414" tests="5" errors="0" skipped="0" failures="0">
  <properties>
[...]
</properties>
  <testcase name="testSenhaHashingAndValidation" classname="com.example.userapp.test.UsuarioTest" time="0.734"/>
  <testcase name="testValidacaoEmailFormato" classname="com.example.userapp.test.UsuarioTest" time="0.224"/>
  <testcase name="testValidacaoSenhaObrigatoria" classname="com.example.userapp.test.UsuarioTest" time="0.001"/>
  <testcase name="testValidacaoNomeObrigatorio" classname="com.example.userapp.test.UsuarioTest" time="0.218"/>
  <testcase name="testValidacaoEmailObrigatorio" classname="com.example.userapp.test.UsuarioTest" time="0.22"/>
</testsuite>